<?xml version="1.0" encoding="UTF-8"?>
<testng-results skipped="0" failed="0" ignored="0" total="2" passed="2">
  <reporter-output>
  </reporter-output>
  <suite name="Suite" duration-ms="70754" started-at="2019-06-14T01:49:23Z" finished-at="2019-06-14T01:50:34Z">
    <groups>
    </groups>
    <test name="Test" duration-ms="70754" started-at="2019-06-14T01:49:23Z" finished-at="2019-06-14T01:50:34Z">
      <class name="Framework.AppTest">
        <test-method status="PASS" signature="FirstTestCase()[pri:0, instance:Framework.AppTest@dfd3711]" name="FirstTestCase" duration-ms="36324" started-at="2019-06-13T19:49:24Z" finished-at="2019-06-13T19:50:00Z">
          <reporter-output>
          </reporter-output>
        </test-method> <!-- FirstTestCase -->
        <test-method status="PASS" signature="SecondTestCase()[pri:0, instance:Framework.AppTest@dfd3711]" name="SecondTestCase" duration-ms="34309" started-at="2019-06-13T19:50:00Z" finished-at="2019-06-13T19:50:34Z">
          <reporter-output>
          </reporter-output>
        </test-method> <!-- SecondTestCase -->
      </class> <!-- Framework.AppTest -->
    </test> <!-- Test -->
  </suite> <!-- Suite -->
</testng-results>
