<?xml version="1.0" encoding="UTF-8"?>
<testng-results skipped="0" failed="0" ignored="0" total="2" passed="2">
  <reporter-output>
  </reporter-output>
  <suite name="Suite" duration-ms="61020" started-at="2019-06-14T01:51:27Z" finished-at="2019-06-14T01:52:28Z">
    <groups>
    </groups>
    <test name="Test" duration-ms="61020" started-at="2019-06-14T01:51:27Z" finished-at="2019-06-14T01:52:28Z">
      <class name="Framework.AppTest">
        <test-method status="PASS" signature="FirstTestCase()[pri:0, instance:Framework.AppTest@129a8472]" name="FirstTestCase" duration-ms="30944" started-at="2019-06-13T19:51:27Z" finished-at="2019-06-13T19:51:58Z">
          <reporter-output>
          </reporter-output>
        </test-method> <!-- FirstTestCase -->
        <test-method status="PASS" signature="SecondTestCase()[pri:0, instance:Framework.AppTest@129a8472]" name="SecondTestCase" duration-ms="29997" started-at="2019-06-13T19:51:58Z" finished-at="2019-06-13T19:52:28Z">
          <reporter-output>
          </reporter-output>
        </test-method> <!-- SecondTestCase -->
      </class> <!-- Framework.AppTest -->
    </test> <!-- Test -->
  </suite> <!-- Suite -->
</testng-results>
